[2020-10-27 11:38:34] (ERROR in xPDO::getService @ C:\localserver\OpenServer\domains\osteopat.local\core\xpdo\xpdo.class.php : 1234) modRestClient::__construct is deprecated since version 2.3.0. Use the modRest classes instead.
[2020-10-27 11:38:34] (ERROR in modRestCurlClient::__construct @ C:\localserver\OpenServer\domains\osteopat.local\core\model\modx\rest\modrestcurlclient.class.php : 26) modRestClient::__construct is deprecated since version 2.3.0. Use the modRest classes instead.
[2020-10-27 11:38:34] (ERROR in xPDO::getService @ C:\localserver\OpenServer\domains\osteopat.local\core\xpdo\xpdo.class.php : 1234) modRestClient::__construct is deprecated since version 2.3.0. Use the modRest classes instead.
[2020-10-27 11:38:34] (ERROR in modRestCurlClient::__construct @ C:\localserver\OpenServer\domains\osteopat.local\core\model\modx\rest\modrestcurlclient.class.php : 26) modRestClient::__construct is deprecated since version 2.3.0. Use the modRest classes instead.
[2020-10-27 11:38:36] (ERROR in xPDO::getService @ C:\localserver\OpenServer\domains\osteopat.local\core\xpdo\xpdo.class.php : 1234) modRestClient::__construct is deprecated since version 2.3.0. Use the modRest classes instead.
[2020-10-27 11:38:36] (ERROR in modRestCurlClient::__construct @ C:\localserver\OpenServer\domains\osteopat.local\core\model\modx\rest\modrestcurlclient.class.php : 26) modRestClient::__construct is deprecated since version 2.3.0. Use the modRest classes instead.
[2020-10-27 11:38:36] (ERROR in xPDO::getService @ C:\localserver\OpenServer\domains\osteopat.local\core\xpdo\xpdo.class.php : 1234) modRestClient::__construct is deprecated since version 2.3.0. Use the modRest classes instead.
[2020-10-27 11:38:36] (ERROR in modRestCurlClient::__construct @ C:\localserver\OpenServer\domains\osteopat.local\core\model\modx\rest\modrestcurlclient.class.php : 26) modRestClient::__construct is deprecated since version 2.3.0. Use the modRest classes instead.
[2020-10-27 11:38:44] (ERROR in xPDO::getService @ C:\localserver\OpenServer\domains\osteopat.local\core\xpdo\xpdo.class.php : 1234) modRestClient::__construct is deprecated since version 2.3.0. Use the modRest classes instead.
[2020-10-27 11:38:44] (ERROR in modRestCurlClient::__construct @ C:\localserver\OpenServer\domains\osteopat.local\core\model\modx\rest\modrestcurlclient.class.php : 26) modRestClient::__construct is deprecated since version 2.3.0. Use the modRest classes instead.
[2020-10-27 11:38:47] (ERROR in xPDO::getService @ C:\localserver\OpenServer\domains\osteopat.local\core\xpdo\xpdo.class.php : 1234) modRestClient::__construct is deprecated since version 2.3.0. Use the modRest classes instead.
[2020-10-27 11:38:47] (ERROR in modRestCurlClient::__construct @ C:\localserver\OpenServer\domains\osteopat.local\core\model\modx\rest\modrestcurlclient.class.php : 26) modRestClient::__construct is deprecated since version 2.3.0. Use the modRest classes instead.
[2020-10-27 11:38:51] (ERROR in xPDO::getService @ C:\localserver\OpenServer\domains\osteopat.local\core\xpdo\xpdo.class.php : 1234) modRestClient::__construct is deprecated since version 2.3.0. Use the modRest classes instead.
[2020-10-27 11:38:51] (ERROR in modRestCurlClient::__construct @ C:\localserver\OpenServer\domains\osteopat.local\core\model\modx\rest\modrestcurlclient.class.php : 26) modRestClient::__construct is deprecated since version 2.3.0. Use the modRest classes instead.
[2020-10-27 11:38:51] (ERROR in xPDO::getService @ C:\localserver\OpenServer\domains\osteopat.local\core\xpdo\xpdo.class.php : 1234) modRestClient::__construct is deprecated since version 2.3.0. Use the modRest classes instead.
[2020-10-27 11:38:51] (ERROR in modRestCurlClient::__construct @ C:\localserver\OpenServer\domains\osteopat.local\core\model\modx\rest\modrestcurlclient.class.php : 26) modRestClient::__construct is deprecated since version 2.3.0. Use the modRest classes instead.
[2020-10-27 11:39:29] (ERROR in xPDO::getService @ C:\localserver\OpenServer\domains\osteopat.local\core\xpdo\xpdo.class.php : 1234) modRestClient::__construct is deprecated since version 2.3.0. Use the modRest classes instead.
[2020-10-27 11:39:29] (ERROR in modRestCurlClient::__construct @ C:\localserver\OpenServer\domains\osteopat.local\core\model\modx\rest\modrestcurlclient.class.php : 26) modRestClient::__construct is deprecated since version 2.3.0. Use the modRest classes instead.
[2020-10-27 11:39:32] (ERROR in xPDO::getService @ C:\localserver\OpenServer\domains\osteopat.local\core\xpdo\xpdo.class.php : 1234) modRestClient::__construct is deprecated since version 2.3.0. Use the modRest classes instead.
[2020-10-27 11:39:32] (ERROR in modRestCurlClient::__construct @ C:\localserver\OpenServer\domains\osteopat.local\core\model\modx\rest\modrestcurlclient.class.php : 26) modRestClient::__construct is deprecated since version 2.3.0. Use the modRest classes instead.
[2020-10-27 11:39:35] (ERROR in xPDO::getService @ C:\localserver\OpenServer\domains\osteopat.local\core\xpdo\xpdo.class.php : 1234) modRestClient::__construct is deprecated since version 2.3.0. Use the modRest classes instead.
[2020-10-27 11:39:35] (ERROR in modRestCurlClient::__construct @ C:\localserver\OpenServer\domains\osteopat.local\core\model\modx\rest\modrestcurlclient.class.php : 26) modRestClient::__construct is deprecated since version 2.3.0. Use the modRest classes instead.
[2020-10-27 11:39:35] (ERROR in xPDO::getService @ C:\localserver\OpenServer\domains\osteopat.local\core\xpdo\xpdo.class.php : 1234) modRestClient::__construct is deprecated since version 2.3.0. Use the modRest classes instead.
[2020-10-27 11:39:35] (ERROR in modRestCurlClient::__construct @ C:\localserver\OpenServer\domains\osteopat.local\core\model\modx\rest\modrestcurlclient.class.php : 26) modRestClient::__construct is deprecated since version 2.3.0. Use the modRest classes instead.
[2020-10-27 11:41:59] (ERROR in xPDO::getService @ C:\localserver\OpenServer\domains\osteopat.local\core\xpdo\xpdo.class.php : 1234) modRestClient::__construct is deprecated since version 2.3.0. Use the modRest classes instead.
[2020-10-27 11:41:59] (ERROR in modRestCurlClient::__construct @ C:\localserver\OpenServer\domains\osteopat.local\core\model\modx\rest\modrestcurlclient.class.php : 26) modRestClient::__construct is deprecated since version 2.3.0. Use the modRest classes instead.
[2020-10-27 11:41:59] (ERROR in xPDO::getService @ C:\localserver\OpenServer\domains\osteopat.local\core\xpdo\xpdo.class.php : 1234) modRestClient::__construct is deprecated since version 2.3.0. Use the modRest classes instead.
[2020-10-27 11:41:59] (ERROR in modRestCurlClient::__construct @ C:\localserver\OpenServer\domains\osteopat.local\core\model\modx\rest\modrestcurlclient.class.php : 26) modRestClient::__construct is deprecated since version 2.3.0. Use the modRest classes instead.
[2020-10-27 11:42:01] (ERROR in xPDO::getService @ C:\localserver\OpenServer\domains\osteopat.local\core\xpdo\xpdo.class.php : 1234) modRestClient::__construct is deprecated since version 2.3.0. Use the modRest classes instead.
[2020-10-27 11:42:01] (ERROR in modRestCurlClient::__construct @ C:\localserver\OpenServer\domains\osteopat.local\core\model\modx\rest\modrestcurlclient.class.php : 26) modRestClient::__construct is deprecated since version 2.3.0. Use the modRest classes instead.
[2020-10-27 11:42:01] (ERROR in xPDO::getService @ C:\localserver\OpenServer\domains\osteopat.local\core\xpdo\xpdo.class.php : 1234) modRestClient::__construct is deprecated since version 2.3.0. Use the modRest classes instead.
[2020-10-27 11:42:01] (ERROR in modRestCurlClient::__construct @ C:\localserver\OpenServer\domains\osteopat.local\core\model\modx\rest\modrestcurlclient.class.php : 26) modRestClient::__construct is deprecated since version 2.3.0. Use the modRest classes instead.
[2020-10-27 11:42:07] (ERROR in xPDO::getService @ C:\localserver\OpenServer\domains\osteopat.local\core\xpdo\xpdo.class.php : 1234) modRestClient::__construct is deprecated since version 2.3.0. Use the modRest classes instead.
[2020-10-27 11:42:07] (ERROR in modRestCurlClient::__construct @ C:\localserver\OpenServer\domains\osteopat.local\core\model\modx\rest\modrestcurlclient.class.php : 26) modRestClient::__construct is deprecated since version 2.3.0. Use the modRest classes instead.
[2020-10-27 11:42:10] (ERROR in xPDO::getService @ C:\localserver\OpenServer\domains\osteopat.local\core\xpdo\xpdo.class.php : 1234) modRestClient::__construct is deprecated since version 2.3.0. Use the modRest classes instead.
[2020-10-27 11:42:10] (ERROR in modRestCurlClient::__construct @ C:\localserver\OpenServer\domains\osteopat.local\core\model\modx\rest\modrestcurlclient.class.php : 26) modRestClient::__construct is deprecated since version 2.3.0. Use the modRest classes instead.
[2020-10-27 11:42:13] (ERROR in xPDO::getService @ C:\localserver\OpenServer\domains\osteopat.local\core\xpdo\xpdo.class.php : 1234) modRestClient::__construct is deprecated since version 2.3.0. Use the modRest classes instead.
[2020-10-27 11:42:13] (ERROR in modRestCurlClient::__construct @ C:\localserver\OpenServer\domains\osteopat.local\core\model\modx\rest\modrestcurlclient.class.php : 26) modRestClient::__construct is deprecated since version 2.3.0. Use the modRest classes instead.
[2020-10-27 11:42:13] (ERROR in xPDO::getService @ C:\localserver\OpenServer\domains\osteopat.local\core\xpdo\xpdo.class.php : 1234) modRestClient::__construct is deprecated since version 2.3.0. Use the modRest classes instead.
[2020-10-27 11:42:13] (ERROR in modRestCurlClient::__construct @ C:\localserver\OpenServer\domains\osteopat.local\core\model\modx\rest\modrestcurlclient.class.php : 26) modRestClient::__construct is deprecated since version 2.3.0. Use the modRest classes instead.
[2020-10-27 11:42:18] (ERROR in xPDO::getService @ C:\localserver\OpenServer\domains\osteopat.local\core\xpdo\xpdo.class.php : 1234) modRestClient::__construct is deprecated since version 2.3.0. Use the modRest classes instead.
[2020-10-27 11:42:18] (ERROR in modRestCurlClient::__construct @ C:\localserver\OpenServer\domains\osteopat.local\core\model\modx\rest\modrestcurlclient.class.php : 26) modRestClient::__construct is deprecated since version 2.3.0. Use the modRest classes instead.
[2020-10-27 11:42:21] (ERROR in xPDO::getService @ C:\localserver\OpenServer\domains\osteopat.local\core\xpdo\xpdo.class.php : 1234) modRestClient::__construct is deprecated since version 2.3.0. Use the modRest classes instead.
[2020-10-27 11:42:21] (ERROR in modRestCurlClient::__construct @ C:\localserver\OpenServer\domains\osteopat.local\core\model\modx\rest\modrestcurlclient.class.php : 26) modRestClient::__construct is deprecated since version 2.3.0. Use the modRest classes instead.
[2020-10-27 11:42:21] (ERROR in xPDO::getService @ C:\localserver\OpenServer\domains\osteopat.local\core\xpdo\xpdo.class.php : 1234) modRestClient::__construct is deprecated since version 2.3.0. Use the modRest classes instead.
[2020-10-27 11:42:21] (ERROR in modRestCurlClient::__construct @ C:\localserver\OpenServer\domains\osteopat.local\core\model\modx\rest\modrestcurlclient.class.php : 26) modRestClient::__construct is deprecated since version 2.3.0. Use the modRest classes instead.
[2020-10-27 11:42:51] (ERROR in xPDO::getService @ C:\localserver\OpenServer\domains\osteopat.local\core\xpdo\xpdo.class.php : 1234) modRestClient::__construct is deprecated since version 2.3.0. Use the modRest classes instead.
[2020-10-27 11:42:51] (ERROR in modRestCurlClient::__construct @ C:\localserver\OpenServer\domains\osteopat.local\core\model\modx\rest\modrestcurlclient.class.php : 26) modRestClient::__construct is deprecated since version 2.3.0. Use the modRest classes instead.
[2020-10-27 11:43:02] (ERROR in xPDO::getService @ C:\localserver\OpenServer\domains\osteopat.local\core\xpdo\xpdo.class.php : 1234) modRestClient::__construct is deprecated since version 2.3.0. Use the modRest classes instead.
[2020-10-27 11:43:02] (ERROR in modRestCurlClient::__construct @ C:\localserver\OpenServer\domains\osteopat.local\core\model\modx\rest\modrestcurlclient.class.php : 26) modRestClient::__construct is deprecated since version 2.3.0. Use the modRest classes instead.
[2020-10-27 11:43:10] (ERROR in xPDO::getService @ C:\localserver\OpenServer\domains\osteopat.local\core\xpdo\xpdo.class.php : 1234) modRestClient::__construct is deprecated since version 2.3.0. Use the modRest classes instead.
[2020-10-27 11:43:10] (ERROR in modRestCurlClient::__construct @ C:\localserver\OpenServer\domains\osteopat.local\core\model\modx\rest\modrestcurlclient.class.php : 26) modRestClient::__construct is deprecated since version 2.3.0. Use the modRest classes instead.
[2020-10-27 11:43:16] (ERROR in xPDO::getService @ C:\localserver\OpenServer\domains\osteopat.local\core\xpdo\xpdo.class.php : 1234) modRestClient::__construct is deprecated since version 2.3.0. Use the modRest classes instead.
[2020-10-27 11:43:16] (ERROR in modRestCurlClient::__construct @ C:\localserver\OpenServer\domains\osteopat.local\core\model\modx\rest\modrestcurlclient.class.php : 26) modRestClient::__construct is deprecated since version 2.3.0. Use the modRest classes instead.
[2020-10-27 11:45:24] (ERROR @ C:\localserver\OpenServer\domains\osteopat.local\core\model\modx\modcachemanager.class.php : 349) Error caching lexicon topic lexicon/en/core/default
[2020-10-27 11:45:24] (ERROR @ C:\localserver\OpenServer\domains\osteopat.local\core\model\modx\modcachemanager.class.php : 349) Error caching lexicon topic lexicon/ru/core/default
[2020-10-27 11:52:54] (ERROR @ C:\localserver\OpenServer\domains\osteopat.local\core\model\modx\modcachemanager.class.php : 349) Error caching lexicon topic lexicon/en/core/default
[2020-10-27 11:52:54] (ERROR @ C:\localserver\OpenServer\domains\osteopat.local\core\model\modx\modcachemanager.class.php : 349) Error caching lexicon topic lexicon/ru/core/default
[2020-10-27 12:05:50] (ERROR @ C:\localserver\OpenServer\domains\osteopat.local\core\model\modx\modcachemanager.class.php : 349) Error caching lexicon topic lexicon/ru/core/default
[2020-10-27 12:12:21] (ERROR @ C:\localserver\OpenServer\domains\osteopat.local\core\model\modx\modcachemanager.class.php : 349) Error caching lexicon topic lexicon/en/core/default
[2020-10-27 12:12:21] (ERROR @ C:\localserver\OpenServer\domains\osteopat.local\core\model\modx\modcachemanager.class.php : 349) Error caching lexicon topic lexicon/ru/core/default
[2020-10-27 12:45:17] (ERROR @ C:\localserver\OpenServer\domains\osteopat.local\core\model\modx\modcachemanager.class.php : 349) Error caching lexicon topic lexicon/en/core/default
[2020-10-27 12:45:17] (ERROR @ C:\localserver\OpenServer\domains\osteopat.local\core\model\modx\modcachemanager.class.php : 349) Error caching lexicon topic lexicon/ru/core/default
[2020-10-27 12:48:08] (ERROR @ C:\localserver\OpenServer\domains\osteopat.local\core\model\modx\modcachemanager.class.php : 349) Error caching lexicon topic lexicon/ru/core/element
[2020-10-27 12:49:08] (ERROR @ C:\localserver\OpenServer\domains\osteopat.local\core\model\modx\modcachemanager.class.php : 349) Error caching lexicon topic lexicon/ru/core/default
[2020-10-27 13:01:13] (ERROR in xPDO::getService @ C:\localserver\OpenServer\domains\osteopat.local\core\xpdo\xpdo.class.php : 1234) modRestClient::__construct is deprecated since version 2.3.0. Use the modRest classes instead.
[2020-10-27 13:01:13] (ERROR in modRestCurlClient::__construct @ C:\localserver\OpenServer\domains\osteopat.local\core\model\modx\rest\modrestcurlclient.class.php : 26) modRestClient::__construct is deprecated since version 2.3.0. Use the modRest classes instead.
[2020-10-27 13:01:13] (ERROR in xPDO::getService @ C:\localserver\OpenServer\domains\osteopat.local\core\xpdo\xpdo.class.php : 1234) modRestClient::__construct is deprecated since version 2.3.0. Use the modRest classes instead.
[2020-10-27 13:01:13] (ERROR in modRestCurlClient::__construct @ C:\localserver\OpenServer\domains\osteopat.local\core\model\modx\rest\modrestcurlclient.class.php : 26) modRestClient::__construct is deprecated since version 2.3.0. Use the modRest classes instead.
[2020-10-27 13:01:13] (ERROR in xPDO::getService @ C:\localserver\OpenServer\domains\osteopat.local\core\xpdo\xpdo.class.php : 1234) modRestClient::__construct is deprecated since version 2.3.0. Use the modRest classes instead.
[2020-10-27 13:01:13] (ERROR in modRestCurlClient::__construct @ C:\localserver\OpenServer\domains\osteopat.local\core\model\modx\rest\modrestcurlclient.class.php : 26) modRestClient::__construct is deprecated since version 2.3.0. Use the modRest classes instead.
[2020-10-27 13:01:14] (ERROR in xPDO::getService @ C:\localserver\OpenServer\domains\osteopat.local\core\xpdo\xpdo.class.php : 1234) modRestClient::__construct is deprecated since version 2.3.0. Use the modRest classes instead.
[2020-10-27 13:01:14] (ERROR in modRestCurlClient::__construct @ C:\localserver\OpenServer\domains\osteopat.local\core\model\modx\rest\modrestcurlclient.class.php : 26) modRestClient::__construct is deprecated since version 2.3.0. Use the modRest classes instead.
[2020-10-27 13:01:14] (ERROR in xPDO::getService @ C:\localserver\OpenServer\domains\osteopat.local\core\xpdo\xpdo.class.php : 1234) modRestClient::__construct is deprecated since version 2.3.0. Use the modRest classes instead.
[2020-10-27 13:01:14] (ERROR in modRestCurlClient::__construct @ C:\localserver\OpenServer\domains\osteopat.local\core\model\modx\rest\modrestcurlclient.class.php : 26) modRestClient::__construct is deprecated since version 2.3.0. Use the modRest classes instead.
[2020-10-27 13:01:19] (ERROR in xPDO::getService @ C:\localserver\OpenServer\domains\osteopat.local\core\xpdo\xpdo.class.php : 1234) modRestClient::__construct is deprecated since version 2.3.0. Use the modRest classes instead.
[2020-10-27 13:01:19] (ERROR in modRestCurlClient::__construct @ C:\localserver\OpenServer\domains\osteopat.local\core\model\modx\rest\modrestcurlclient.class.php : 26) modRestClient::__construct is deprecated since version 2.3.0. Use the modRest classes instead.
[2020-10-27 13:01:22] (ERROR in xPDO::getService @ C:\localserver\OpenServer\domains\osteopat.local\core\xpdo\xpdo.class.php : 1234) modRestClient::__construct is deprecated since version 2.3.0. Use the modRest classes instead.
[2020-10-27 13:01:22] (ERROR in modRestCurlClient::__construct @ C:\localserver\OpenServer\domains\osteopat.local\core\model\modx\rest\modrestcurlclient.class.php : 26) modRestClient::__construct is deprecated since version 2.3.0. Use the modRest classes instead.
[2020-10-27 13:01:25] (ERROR in xPDO::getService @ C:\localserver\OpenServer\domains\osteopat.local\core\xpdo\xpdo.class.php : 1234) modRestClient::__construct is deprecated since version 2.3.0. Use the modRest classes instead.
[2020-10-27 13:01:25] (ERROR in modRestCurlClient::__construct @ C:\localserver\OpenServer\domains\osteopat.local\core\model\modx\rest\modrestcurlclient.class.php : 26) modRestClient::__construct is deprecated since version 2.3.0. Use the modRest classes instead.
[2020-10-27 13:01:25] (ERROR in xPDO::getService @ C:\localserver\OpenServer\domains\osteopat.local\core\xpdo\xpdo.class.php : 1234) modRestClient::__construct is deprecated since version 2.3.0. Use the modRest classes instead.
[2020-10-27 13:01:25] (ERROR in modRestCurlClient::__construct @ C:\localserver\OpenServer\domains\osteopat.local\core\model\modx\rest\modrestcurlclient.class.php : 26) modRestClient::__construct is deprecated since version 2.3.0. Use the modRest classes instead.
[2020-10-27 13:01:39] (ERROR in xPDO::getService @ C:\localserver\OpenServer\domains\osteopat.local\core\xpdo\xpdo.class.php : 1234) modRestClient::__construct is deprecated since version 2.3.0. Use the modRest classes instead.
[2020-10-27 13:01:39] (ERROR in modRestCurlClient::__construct @ C:\localserver\OpenServer\domains\osteopat.local\core\model\modx\rest\modrestcurlclient.class.php : 26) modRestClient::__construct is deprecated since version 2.3.0. Use the modRest classes instead.
[2020-10-27 13:22:52] (ERROR @ C:\localserver\OpenServer\domains\osteopat.local\core\xpdo\om\xpdoobject.class.php : 1452) Error 23000 executing statement:
INSERT INTO `modx_site_content` (`type`, `contentType`, `pagetitle`, `longtitle`, `description`, `alias`, `alias_visible`, `link_attributes`, `published`, `pub_date`, `unpub_date`, `parent`, `isfolder`, `introtext`, `content`, `richtext`, `template`, `menuindex`, `searchable`, `cacheable`, `createdby`, `createdon`, `editedby`, `editedon`, `deleted`, `deletedon`, `deletedby`, `publishedon`, `publishedby`, `menutitle`, `donthit`, `privateweb`, `privatemgr`, `content_dispo`, `hidemenu`, `class_key`, `context_key`, `content_type`, `uri`, `uri_override`, `hide_children_in_tree`, `show_in_tree`) VALUES ('document', 'text/html', 'Контакты', '', '', 'contacts', 1, '', 1, 0, 0, 0, 0, '', '<div class=\"map-wrapper\">\r\n    <div id=\"map\"></div>\r\n</div>\r\n<section class=\"container\">\r\n    <div class=\"row\">\r\n        <div class=\"col xl7 l7 m7 s12 xs12\">\r\n            <h3>Попасть на прием можно по адресам: </h3>\r\n            <div class=\"address-block\">\r\n                <div class=\"city\">г. Горячий Ключ</div>\r\n                <div class=\"address\">\r\n                    В г. Горячий Ключ прием проводится по нескольким адресам. <br> Свяжитесь со мной для точной информации\r\n                </div>\r\n            </div>\r\n            <div class=\"address-block\">\r\n                <div class=\"city\">г. Краснодар</div>\r\n                <div class=\"address\">ул. Ленина, д. 80, к. И</div>\r\n            </div>\r\n        </div>\r\n        <div class=\"col xl5 l5 m5 s12 xs12\">\r\n            <div class=\"request-wrapper align-center\">\r\n                <a href=\"\" class=\"btn\" id=\"request\">Записаться на прием</a>\r\n            </div>\r\n        </div>\r\n    </div>\r\n</section>', 1, 1, 4, 1, 1, 1, 1603794172, 0, 0, 0, 0, 0, 1603794172, 1, '', 0, 0, 0, 0, 0, 'modDocument', 'web', 1, 'contacts.html', 0, 0, 1)
Array
(
    [0] => 23000
    [1] => 1062
    [2] => Duplicate entry '13' for key 'PRIMARY'
)

[2020-10-27 15:38:45] (ERROR @ C:\localserver\OpenServer\domains\osteopat.local\core\model\modx\modcachemanager.class.php : 349) Error caching lexicon topic lexicon/ru/core/element
[2020-10-27 15:39:46] (ERROR @ C:\localserver\OpenServer\domains\osteopat.local\core\model\modx\modcachemanager.class.php : 349) Error caching lexicon topic lexicon/ru/core/element
[2020-10-27 15:40:02] (ERROR @ C:\localserver\OpenServer\domains\osteopat.local\core\model\modx\modcachemanager.class.php : 349) Error caching lexicon topic lexicon/en/core/default
[2020-10-27 15:40:02] (ERROR @ C:\localserver\OpenServer\domains\osteopat.local\core\model\modx\modcachemanager.class.php : 349) Error caching lexicon topic lexicon/ru/core/default
[2020-10-27 15:40:05] (ERROR @ C:\localserver\OpenServer\domains\osteopat.local\core\model\modx\modcachemanager.class.php : 349) Error caching lexicon topic lexicon/ru/core/default
[2020-10-27 17:01:17] (ERROR @ C:\localserver\OpenServer\domains\osteopat.local\core\model\modx\modcachemanager.class.php : 349) Error caching lexicon topic lexicon/ru/core/resource
[2020-10-28 09:55:16] (ERROR @ C:\localserver\OpenServer\domains\osteopat.local\core\model\modx\modcachemanager.class.php : 349) Error caching lexicon topic lexicon/en/core/default
[2020-10-28 09:55:16] (ERROR @ C:\localserver\OpenServer\domains\osteopat.local\core\model\modx\modcachemanager.class.php : 349) Error caching lexicon topic lexicon/ru/core/default
